
SQL*Loader: Release 18.0.0.0.0 - Production on Wed Dec 4 15:56:01 2019
Version 18.4.0.0.0

Copyright (c) 1982, 2019, Oracle and/or its affiliates.  All rights reserved.

Control File:   C:\SAIT\Semester_3\CPRG-307_Database\Espiritu_Francia_A2\control.ctl
Data File:      C:\SAIT\Semester_3\CPRG-307_Database\Espiritu_Francia_A2\payroll.txt
  Bad File:     C:\SAIT\Semester_3\CPRG-307_Database\Espiritu_Francia_A2\payroll.bad
  Discard File:  none specified
 
 (Allow all discards)

Number to load: ALL
Number to skip: 0
Errors allowed: 50
Bind array:     250 rows, maximum of 1048576 bytes
Continuation:    none specified
Path used:      Conventional

Table PAYROLL_LOAD, loaded from every logical record.
Insert option in effect for this table: REPLACE
TRAILING NULLCOLS option in effect

   Column Name                  Position   Len  Term Encl Datatype
------------------------------ ---------- ----- ---- ---- ---------------------
PAYROLL_DATE                        FIRST     *   ;  O(") DATE Month dd, yyyy  
EMPLOYEE_ID                          NEXT     *   ;  O(") CHARACTER            
AMOUNT                               NEXT     *   ;  O(") CHARACTER            
STATUS                               NEXT     *   ;  O(") CHARACTER            


Table PAYROLL_LOAD:
  37 Rows successfully loaded.
  0 Rows not loaded due to data errors.
  0 Rows not loaded because all WHEN clauses were failed.
  0 Rows not loaded because all fields were null.


Space allocated for bind array:                 258000 bytes(250 rows)
Read   buffer bytes: 1048576

Total logical records skipped:          0
Total logical records read:            37
Total logical records rejected:         0
Total logical records discarded:        0

Run began on Wed Dec 04 15:56:01 2019
Run ended on Wed Dec 04 15:56:01 2019

Elapsed time was:     00:00:00.34
CPU time was:         00:00:00.11
